0 info it worked if it ends with ok
1 verbose cli [ 'C:\\Program Files\\nodejs\\node.exe',
1 verbose cli   'C:\\Program Files\\nodejs\\node_modules\\npm\\bin\\npm-cli.js',
1 verbose cli   'build',
1 verbose cli   'es6watch' ]
2 info using npm@3.10.10
3 info using node@v6.10.3
4 info build D:\OpenServer\domains\Dropbox\work-space\work-space.gulp\es6watch
5 verbose stack Error: ENOENT: no such file or directory, open 'D:\OpenServer\domains\Dropbox\work-space\work-space.gulp\es6watch\package.json'
5 verbose stack     at Error (native)
6 verbose cwd D:\OpenServer\domains\Dropbox\work-space\work-space.gulp
7 error Windows_NT 10.0.15063
8 error argv "C:\\Program Files\\nodejs\\node.exe" "C:\\Program Files\\nodejs\\node_modules\\npm\\bin\\npm-cli.js" "build" "es6watch"
9 error node v6.10.3
10 error npm  v3.10.10
11 error path D:\OpenServer\domains\Dropbox\work-space\work-space.gulp\es6watch\package.json
12 error code ENOENT
13 error errno -4058
14 error syscall open
15 error enoent ENOENT: no such file or directory, open 'D:\OpenServer\domains\Dropbox\work-space\work-space.gulp\es6watch\package.json'
16 error enoent ENOENT: no such file or directory, open 'D:\OpenServer\domains\Dropbox\work-space\work-space.gulp\es6watch\package.json'
16 error enoent This is most likely not a problem with npm itself
16 error enoent and is related to npm not being able to find a file.
17 verbose exit [ -4058, true ]
